Fragments/build/intermediates/manifest_merge_blame_file/debug/manifest-merger-blame-debug-report.txt
1<?xml version="1.0" encoding="utf-8"?>
2<manifest xmlns:android="http://schemas.android.com/apk/res/android"
3    package="com.example.p4"
4    android:versionCode="1"
5    android:versionName="1.0" >
6
7    <uses-sdk
8        android:minSdkVersion="19"
8-->src/main/AndroidManifest.xml
9        android:targetSdkVersion="31" />
9-->src/main/AndroidManifest.xml
10
11    <application
11-->src/main/AndroidManifest.xml:5:5-27:19
12        android:allowBackup="true"
12-->src/main/AndroidManifest.xml:6:9-35
13        android:appComponentFactory="androidx.core.app.CoreComponentFactory"
13-->[androidx.core:core:1.7.0] AndroidManifest.xml:24:18-86
14        android:debuggable="true"
15        android:icon="@mipmap/ic_launcher"
15-->src/main/AndroidManifest.xml:7:9-43
16        android:label="@string/app_name"
16-->src/main/AndroidManifest.xml:8:9-41
17        android:roundIcon="@mipmap/ic_launcher_round"
17-->src/main/AndroidManifest.xml:9:9-54
18        android:supportsRtl="true"
18-->src/main/AndroidManifest.xml:10:9-35
19        android:testOnly="true"
20        android:theme="@style/Theme.P4" >
20-->src/main/AndroidManifest.xml:11:9-40
21        <activity
21-->src/main/AndroidManifest.xml:12:9-15:68
22            android:name="com.example.p4.login"
22-->src/main/AndroidManifest.xml:13:13-34
23            android:label="@string/title_activity_login"
23-->src/main/AndroidManifest.xml:14:13-57
24            android:theme="@style/Theme.P4.NoActionBar" />
24-->src/main/AndroidManifest.xml:15:13-56
25        <activity android:name="com.example.p4.splash_screen" >
25-->src/main/AndroidManifest.xml:16:9-22:20
25-->src/main/AndroidManifest.xml:16:19-48
26            <intent-filter>
26-->src/main/AndroidManifest.xml:17:13-21:29
27                <action android:name="android.intent.action.MAIN" />
27-->src/main/AndroidManifest.xml:18:17-69
27-->src/main/AndroidManifest.xml:18:25-66
28
29                <category android:name="android.intent.category.LAUNCHER" />
29-->src/main/AndroidManifest.xml:20:17-77
29-->src/main/AndroidManifest.xml:20:27-74
30            </intent-filter>
31        </activity>
32        <activity android:name="com.example.p4.info" />
32-->src/main/AndroidManifest.xml:23:9-42
32-->src/main/AndroidManifest.xml:23:19-39
33        <activity android:name="com.example.p4.suggestion" />
33-->src/main/AndroidManifest.xml:24:9-48
33-->src/main/AndroidManifest.xml:24:19-45
34        <activity android:name="com.example.p4.setprofile" />
34-->src/main/AndroidManifest.xml:25:9-47
34-->src/main/AndroidManifest.xml:25:19-45
35        <activity android:name="com.example.p4.MainActivity" />
35-->src/main/AndroidManifest.xml:26:9-59
35-->src/main/AndroidManifest.xml:26:19-47
36
37        <provider
37-->[androidx.emoji2:emoji2:1.0.0] AndroidManifest.xml:26:9-34:20
38            android:name="androidx.startup.InitializationProvider"
38-->[androidx.emoji2:emoji2:1.0.0] AndroidManifest.xml:27:13-67
39            android:authorities="com.example.p4.androidx-startup"
39-->[androidx.emoji2:emoji2:1.0.0] AndroidManifest.xml:28:13-68
40            android:exported="false" >
40-->[androidx.emoji2:emoji2:1.0.0] AndroidManifest.xml:29:13-37
41            <meta-data
41-->[androidx.emoji2:emoji2:1.0.0] AndroidManifest.xml:31:13-33:52
42                android:name="androidx.emoji2.text.EmojiCompatInitializer"
42-->[androidx.emoji2:emoji2:1.0.0] AndroidManifest.xml:32:17-75
43                android:value="androidx.startup" />
43-->[androidx.emoji2:emoji2:1.0.0] AndroidManifest.xml:33:17-49
44            <meta-data
44-->[androidx.lifecycle:lifecycle-process:2.4.0] AndroidManifest.xml:31:13-33:52
45                android:name="androidx.lifecycle.ProcessLifecycleInitializer"
45-->[androidx.lifecycle:lifecycle-process:2.4.0] AndroidManifest.xml:32:17-78
46                android:value="androidx.startup" />
46-->[androidx.lifecycle:lifecycle-process:2.4.0] AndroidManifest.xml:33:17-49
47        </provider>
48    </application>
49
50</manifest>